<?xml version="1.0" encoding="UTF-8"?>
<testng-results ignored="0" total="1" passed="1" failed="0" skipped="0">
  <reporter-output>
  </reporter-output>
  <suite started-at="2023-02-08T10:47:07 PST" name="Default suite" finished-at="2023-02-08T10:47:10 PST" duration-ms="3043">
    <groups>
    </groups>
    <test started-at="2023-02-08T10:47:07 PST" name="Default test" finished-at="2023-02-08T10:47:10 PST" duration-ms="3043">
      <class name="test.cartpageFunctionalityTest">
        <test-method is-config="true" signature="setUp()[pri:0, instance:test.cartpageFunctionalityTest@1a5a4e19]" started-at="2023-02-08T10:47:07 PST" name="setUp" finished-at="2023-02-08T10:47:09 PST" duration-ms="2161" status="PASS">
          <reporter-output>
          </reporter-output>
        </test-method> <!-- setUp -->
        <test-method signature="CartPage_TC001_checkItemsAndRemove()[pri:0, instance:test.cartpageFunctionalityTest@1a5a4e19]" started-at="2023-02-08T10:47:09 PST" name="CartPage_TC001_checkItemsAndRemove" finished-at="2023-02-08T10:47:10 PST" duration-ms="862" status="PASS">
          <reporter-output>
          </reporter-output>
        </test-method> <!-- CartPage_TC001_checkItemsAndRemove -->
      </class> <!-- test.cartpageFunctionalityTest -->
    </test> <!-- Default test -->
  </suite> <!-- Default suite -->
</testng-results>
